# JRE version: OpenJDK Runtime Environment (7.0_65-b32) (build 1.7.0_65-b32)
# Java VM: OpenJDK 64-Bit Server VM (24.65-b04 mixed mode linux-amd64 compressed oops)
Heap
 PSYoungGen      total 108544K, used 52797K [0x00000000f8000000, 0x0000000100000000, 0x0000000100000000)
  eden space 95232K, 41% used [0x00000000f8000000,0x00000000fa68fdf8,0x00000000fdd00000)
  from space 13312K, 99% used [0x00000000ff300000,0x00000000fffff6c8,0x0000000100000000)
  to   space 17920K, 0% used [0x00000000fdd00000,0x00000000fdd00000,0x00000000fee80000)
 ParOldGen       total 100864K, used 75873K [0x00000000e8000000, 0x00000000ee280000, 0x00000000f8000000)
  object space 100864K, 75% used [0x00000000e8000000,0x00000000eca18618,0x00000000ee280000)
 PSPermGen       total 94208K, used 48206K [0x00000000d8000000, 0x00000000ddc00000, 0x00000000e8000000)
  object space 94208K, 51% used [0x00000000d8000000,0x00000000daf13ad8,0x00000000ddc00000)
GC Heap History (10 events):
Event: 194.761 GC heap before
{Heap before GC invocations=20 (full 3):
 PSYoungGen      total 116736K, used 7954K [0x00000000f8000000, 0x00000000fff80000, 0x0000000100000000)
  eden space 103424K, 0% used [0x00000000f8000000,0x00000000f8000000,0x00000000fe500000)
  from space 13312K, 59% used [0x00000000fe500000,0x00000000fecc49d8,0x00000000ff200000)
  to   space 12800K, 0% used [0x00000000ff300000,0x00000000ff300000,0x00000000fff80000)
 ParOldGen       total 66560K, used 62996K [0x00000000e8000000, 0x00000000ec100000, 0x00000000f8000000)
  object space 66560K, 94% used [0x00000000e8000000,0x00000000ebd85078,0x00000000ec100000)
 PSPermGen       total 98816K, used 46681K [0x00000000d8000000, 0x00000000de080000, 0x00000000e8000000)
  object space 98816K, 47% used [0x00000000d8000000,0x00000000dad96728,0x00000000de080000)
Event: 195.270 GC heap after
Heap after GC invocations=20 (full 3):
 PSYoungGen      total 116736K, used 0K [0x00000000f8000000, 0x00000000fff80000, 0x0000000100000000)
  eden space 103424K, 0% used [0x00000000f8000000,0x00000000f8000000,0x00000000fe500000)
  from space 13312K, 0% used [0x00000000fe500000,0x00000000fe500000,0x00000000ff200000)
  to   space 12800K, 0% used [0x00000000ff300000,0x00000000ff300000,0x00000000fff80000)
 ParOldGen       total 100864K, used 64509K [0x00000000e8000000, 0x00000000ee280000, 0x00000000f8000000)
  object space 100864K, 63% used [0x00000000e8000000,0x00000000ebeff770,0x00000000ee280000)
 PSPermGen       total 97280K, used 46680K [0x00000000d8000000, 0x00000000ddf00000, 0x00000000e8000000)
  object space 97280K, 47% used [0x00000000d8000000,0x00000000dad963b0,0x00000000ddf00000)
}
Event: 195.868 GC heap before
{Heap before GC invocations=21 (full 3):
 PSYoungGen      total 116736K, used 103424K [0x00000000f8000000, 0x00000000fff80000, 0x0000000100000000)
  eden space 103424K, 100% used [0x00000000f8000000,0x00000000fe500000,0x00000000fe500000)
  from space 13312K, 0% used [0x00000000fe500000,0x00000000fe500000,0x00000000ff200000)
  to   space 12800K, 0% used [0x00000000ff300000,0x00000000ff300000,0x00000000fff80000)
 ParOldGen       total 100864K, used 64509K [0x00000000e8000000, 0x00000000ee280000, 0x00000000f8000000)
  object space 100864K, 63% used [0x00000000e8000000,0x00000000ebeff770,0x00000000ee280000)
 PSPermGen       total 97280K, used 46800K [0x00000000d8000000, 0x00000000ddf00000, 0x00000000e8000000)
  object space 97280K, 48% used [0x00000000d8000000,0x00000000dadb4360,0x00000000ddf00000)
Event: 195.879 GC heap after
Heap after GC invocations=21 (full 3):
 PSYoungGen      total 117760K, used 9163K [0x00000000f8000000, 0x00000000fff80000, 0x0000000100000000)
  eden space 104960K, 0% used [0x00000000f8000000,0x00000000f8000000,0x00000000fe680000)
  from space 12800K, 71% used [0x00000000ff300000,0x00000000ffbf2e18,0x00000000fff80000)
  to   space 12800K, 0% used [0x00000000fe680000,0x00000000fe680000,0x00000000ff300000)
 ParOldGen       total 100864K, used 64517K [0x00000000e8000000, 0x00000000ee280000, 0x00000000f8000000)
  object space 100864K, 63% used [0x00000000e8000000,0x00000000ebf01770,0x00000000ee280000)
 PSPermGen       total 97280K, used 46800K [0x00000000d8000000, 0x00000000ddf00000, 0x00000000e8000000)
  object space 97280K, 48% used [0x00000000d8000000,0x00000000dadb4360,0x00000000ddf00000)
}
Event: 196.899 GC heap before
{Heap before GC invocations=22 (full 3):
 PSYoungGen      total 117760K, used 72310K [0x00000000f8000000, 0x00000000fff80000, 0x0000000100000000)
  eden space 104960K, 60% used [0x00000000f8000000,0x00000000fbdaad00,0x00000000fe680000)
  from space 12800K, 71% used [0x00000000ff300000,0x00000000ffbf2e18,0x00000000fff80000)
  to   space 12800K, 0% used [0x00000000fe680000,0x00000000fe680000,0x00000000ff300000)
 ParOldGen       total 100864K, used 64517K [0x00000000e8000000, 0x00000000ee280000, 0x00000000f8000000)
  object space 100864K, 63% used [0x00000000e8000000,0x00000000ebf01770,0x00000000ee280000)
 PSPermGen       total 97280K, used 47654K [0x00000000d8000000, 0x00000000ddf00000, 0x00000000e8000000)
  object space 97280K, 48% used [0x00000000d8000000,0x00000000dae89960,0x00000000ddf00000)
Event: 196.924 GC heap after
Heap after GC invocations=22 (full 3):
 PSYoungGen      total 117760K, used 12786K [0x00000000f8000000, 0x0000000100000000, 0x0000000100000000)
  eden space 104960K, 0% used [0x00000000f8000000,0x00000000f8000000,0x00000000fe680000)
  from space 12800K, 99% used [0x00000000fe680000,0x00000000ff2fc868,0x00000000ff300000)
  to   space 13312K, 0% used [0x00000000ff300000,0x00000000ff300000,0x0000000100000000)
 ParOldGen       total 100864K, used 70663K [0x00000000e8000000, 0x00000000ee280000, 0x00000000f8000000)
  object space 100864K, 70% used [0x00000000e8000000,0x00000000ec501d18,0x00000000ee280000)
 PSPermGen       total 97280K, used 47654K [0x00000000d8000000, 0x00000000ddf00000, 0x00000000e8000000)
  object space 97280K, 48% used [0x00000000d8000000,0x00000000dae89960,0x00000000ddf00000)
}
Event: 196.924 GC heap before
{Heap before GC invocations=23 (full 4):
 PSYoungGen      total 117760K, used 12786K [0x00000000f8000000, 0x0000000100000000, 0x0000000100000000)
  eden space 104960K, 0% used [0x00000000f8000000,0x00000000f8000000,0x00000000fe680000)
  from space 12800K, 99% used [0x00000000fe680000,0x00000000ff2fc868,0x00000000ff300000)
  to   space 13312K, 0% used [0x00000000ff300000,0x00000000ff300000,0x0000000100000000)
 ParOldGen       total 100864K, used 70663K [0x00000000e8000000, 0x00000000ee280000, 0x00000000f8000000)
  object space 100864K, 70% used [0x00000000e8000000,0x00000000ec501d18,0x00000000ee280000)
 PSPermGen       total 97280K, used 47654K [0x00000000d8000000, 0x00000000ddf00000, 0x00000000e8000000)
  object space 97280K, 48% used [0x00000000d8000000,0x00000000dae89960,0x00000000ddf00000)
Event: 197.330 GC heap after
Heap after GC invocations=23 (full 4):
 PSYoungGen      total 117760K, used 0K [0x00000000f8000000, 0x0000000100000000, 0x0000000100000000)
  eden space 104960K, 0% used [0x00000000f8000000,0x00000000f8000000,0x00000000fe680000)
  from space 12800K, 0% used [0x00000000fe680000,0x00000000fe680000,0x00000000ff300000)
  to   space 13312K, 0% used [0x00000000ff300000,0x00000000ff300000,0x0000000100000000)
 ParOldGen       total 100864K, used 74591K [0x00000000e8000000, 0x00000000ee280000, 0x00000000f8000000)
  object space 100864K, 73% used [0x00000000e8000000,0x00000000ec8d7d08,0x00000000ee280000)
 PSPermGen       total 94208K, used 47653K [0x00000000d8000000, 0x00000000ddc00000, 0x00000000e8000000)
  object space 94208K, 50% used [0x00000000d8000000,0x00000000dae895a0,0x00000000ddc00000)
}
Event: 202.524 GC heap before
{Heap before GC invocations=24 (full 4):
 PSYoungGen      total 117760K, used 104960K [0x00000000f8000000, 0x0000000100000000, 0x0000000100000000)
  eden space 104960K, 100% used [0x00000000f8000000,0x00000000fe680000,0x00000000fe680000)
  from space 12800K, 0% used [0x00000000fe680000,0x00000000fe680000,0x00000000ff300000)
  to   space 13312K, 0% used [0x00000000ff300000,0x00000000ff300000,0x0000000100000000)
 ParOldGen       total 100864K, used 74591K [0x00000000e8000000, 0x00000000ee280000, 0x00000000f8000000)
  object space 100864K, 73% used [0x00000000e8000000,0x00000000ec8d7d08,0x00000000ee280000)
 PSPermGen       total 94208K, used 48111K [0x00000000d8000000, 0x00000000ddc00000, 0x00000000e8000000)
  object space 94208K, 51% used [0x00000000d8000000,0x00000000daefbea8,0x00000000ddc00000)
Event: 202.544 GC heap after
Heap after GC invocations=24 (full 4):
 PSYoungGen      total 108544K, used 13309K [0x00000000f8000000, 0x0000000100000000, 0x0000000100000000)
  eden space 95232K, 0% used [0x00000000f8000000,0x00000000f8000000,0x00000000fdd00000)
  from space 13312K, 99% used [0x00000000ff300000,0x00000000fffff6c8,0x0000000100000000)
  to   space 17920K, 0% used [0x00000000fdd00000,0x00000000fdd00000,0x00000000fee80000)
 ParOldGen       total 100864K, used 75873K [0x00000000e8000000, 0x00000000ee280000, 0x00000000f8000000)
  object space 100864K, 75% used [0x00000000e8000000,0x00000000eca18618,0x00000000ee280000)
 PSPermGen       total 94208K, used 48111K [0x00000000d8000000, 0x00000000ddc00000, 0x00000000e8000000)
  object space 94208K, 51% used [0x00000000d8000000,0x00000000daefbea8,0x00000000ddc00000)
}

